<?xml version="1.0" encoding="UTF-8"?>
<!-- Generated by org.testng.reporters.JUnitReportReporter -->
<testsuite hostname="DESKTOP-GA8MONJ" failures="0" tests="7" name="ui.automation.test.FuctionalHeadLessTestcase" time="5.015" errors="1" timestamp="2021-04-01T08:38:40 IST" skipped="6">
  <testcase classname="ui.automation.test.FuctionalHeadLessTestcase" name="openbrows" time="5.015">
    <error message="org/eclipse/jetty/websocket/api/Session" type="java.lang.NoClassDefFoundError">
      <![CDATA[java.lang.NoClassDefFoundError: org/eclipse/jetty/websocket/api/Session
at java.base/java.lang.Class.getDeclaredMethods0(Native Method)
at java.base/java.lang.Class.privateGetDeclaredMethods(Class.java:3325)
at java.base/java.lang.Class.getDeclaredMethods(Class.java:2466)
at com.gargoylesoftware.htmlunit.javascript.configuration.AbstractJavaScriptConfiguration.process(AbstractJavaScriptConfiguration.java:197)
at com.gargoylesoftware.htmlunit.javascript.configuration.AbstractJavaScriptConfiguration.getClassConfiguration(AbstractJavaScriptConfiguration.java:172)
at com.gargoylesoftware.htmlunit.javascript.configuration.AbstractJavaScriptConfiguration.buildUsageMap(AbstractJavaScriptConfiguration.java:79)
at com.gargoylesoftware.htmlunit.javascript.configuration.AbstractJavaScriptConfiguration.<init>(AbstractJavaScriptConfiguration.java:59)
at com.gargoylesoftware.htmlunit.javascript.configuration.JavaScriptConfiguration.<init>(JavaScriptConfiguration.java:597)
at com.gargoylesoftware.htmlunit.javascript.configuration.JavaScriptConfiguration.getInstance(JavaScriptConfiguration.java:613)
at com.gargoylesoftware.htmlunit.javascript.JavaScriptEngine.<init>(JavaScriptEngine.java:133)
at com.gargoylesoftware.htmlunit.WebClient.init(WebClient.java:239)
at com.gargoylesoftware.htmlunit.WebClient.<init>(WebClient.java:213)
at org.openqa.selenium.htmlunit.HtmlUnitDriver.newWebClient(HtmlUnitDriver.java:340)
at org.openqa.selenium.htmlunit.HtmlUnitDriver.createWebClient(HtmlUnitDriver.java:306)
at org.openqa.selenium.htmlunit.HtmlUnitDriver.<init>(HtmlUnitDriver.java:192)
at org.openqa.selenium.htmlunit.HtmlUnitDriver.<init>(HtmlUnitDriver.java:182)
at org.openqa.selenium.htmlunit.HtmlUnitDriver.<init>(HtmlUnitDriver.java:172)
at org.openqa.selenium.htmlunit.HtmlUnitDriver.<init>(HtmlUnitDriver.java:162)
at ui.automation.utilities.BrowseFun.openBrowser(BrowseFun.java:23)
at ui.automation.test.FuctionalHeadLessTestcase.openbrows(FuctionalHeadLessTestcase.java:51)
at java.base/jdk.internal.reflect.NativeMethodAccessorImpl.invoke0(Native Method)
at java.base/jdk.internal.reflect.NativeMethodAccessorImpl.invoke(NativeMethodAccessorImpl.java:64)
at java.base/jdk.internal.reflect.DelegatingMethodAccessorImpl.invoke(DelegatingMethodAccessorImpl.java:43)
at java.base/java.lang.reflect.Method.invoke(Method.java:564)
at org.testng.internal.MethodInvocationHelper.invokeMethod(MethodInvocationHelper.java:132)
at org.testng.internal.MethodInvocationHelper.invokeMethodConsideringTimeout(MethodInvocationHelper.java:61)
at org.testng.internal.ConfigInvoker.invokeConfigurationMethod(ConfigInvoker.java:366)
at org.testng.internal.ConfigInvoker.invokeConfigurations(ConfigInvoker.java:320)
at org.testng.internal.TestMethodWorker.invokeBeforeClassMethods(TestMethodWorker.java:176)
at org.testng.internal.TestMethodWorker.run(TestMethodWorker.java:122)
at java.base/java.util.ArrayList.forEach(ArrayList.java:1511)
at org.testng.TestRunner.privateRun(TestRunner.java:764)
at org.testng.TestRunner.run(TestRunner.java:585)
at org.testng.SuiteRunner.runTest(SuiteRunner.java:384)
at org.testng.SuiteRunner.runSequentially(SuiteRunner.java:378)
at org.testng.SuiteRunner.privateRun(SuiteRunner.java:337)
at org.testng.SuiteRunner.run(SuiteRunner.java:286)
at org.testng.SuiteRunnerWorker.runSuite(SuiteRunnerWorker.java:53)
at org.testng.SuiteRunnerWorker.run(SuiteRunnerWorker.java:96)
at org.testng.TestNG.runSuitesSequentially(TestNG.java:1218)
at org.testng.TestNG.runSuitesLocally(TestNG.java:1140)
at org.testng.TestNG.runSuites(TestNG.java:1069)
at org.testng.TestNG.run(TestNG.java:1037)
at org.testng.remote.AbstractRemoteTestNG.run(AbstractRemoteTestNG.java:115)
at org.testng.remote.RemoteTestNG.initAndRun(RemoteTestNG.java:251)
at org.testng.remote.RemoteTestNG.main(RemoteTestNG.java:77)
Caused by: java.lang.ClassNotFoundException: org.eclipse.jetty.websocket.api.Session
at java.base/jdk.internal.loader.BuiltinClassLoader.loadClass(BuiltinClassLoader.java:606)
at java.base/jdk.internal.loader.ClassLoaders$AppClassLoader.loadClass(ClassLoaders.java:168)
at java.base/java.lang.ClassLoader.loadClass(ClassLoader.java:522)
... 46 more
]]>
    </error>
  </testcase> <!-- openbrows -->
  <system-out/>
  <testcase classname="ui.automation.test.FuctionalHeadLessTestcase" name="loginTest" time="0.000">
    <skipped/>
  </testcase> <!-- loginTest -->
  <system-out/>
  <testcase classname="ui.automation.test.FuctionalHeadLessTestcase" name="CreationAndValidationCards" time="0.000">
    <skipped/>
  </testcase> <!-- CreationAndValidationCards -->
  <system-out/>
  <testcase classname="ui.automation.test.FuctionalHeadLessTestcase" name="CreationAndValidationCards" time="0.000">
    <skipped/>
  </testcase> <!-- CreationAndValidationCards -->
  <system-out/>
  <testcase classname="ui.automation.test.FuctionalHeadLessTestcase" name="CreationAndValidationCards" time="0.000">
    <skipped/>
  </testcase> <!-- CreationAndValidationCards -->
  <system-out/>
  <testcase classname="ui.automation.test.FuctionalHeadLessTestcase" name="CreationAndValidationCards" time="0.000">
    <skipped/>
  </testcase> <!-- CreationAndValidationCards -->
  <system-out/>
  <testcase classname="ui.automation.test.FuctionalHeadLessTestcase" name="SignUpTest">
    <skipped/>
  </testcase> <!-- SignUpTest -->
  <system-out/>
</testsuite> <!-- ui.automation.test.FuctionalHeadLessTestcase -->
